
****************************************
DBDOCTOR of drawing C:/WorkSpace/Library/physical/padstack/cd220x50.pad
****************************************

0 warnings, 0 errors detected, 0 errors  fixed.

Saved drawing c:/temp/cd220x50.pad.

****************************************
DBDOCTOR of drawing C:/WorkSpace/Library/physical/padstack/cd160x30.pad
****************************************

0 warnings, 0 errors detected, 0 errors  fixed.

Saved drawing c:/temp/cd160x30.pad.

****************************************
DBDOCTOR of drawing C:/WorkSpace/Library/physical/padstack/cd200x40.pad
****************************************

0 warnings, 0 errors detected, 0 errors  fixed.

Saved drawing c:/temp/cd200x40.pad.

****************************************
DBDOCTOR of drawing C:/WorkSpace/Library/physical/padstack/pad8.pad
****************************************

0 warnings, 0 errors detected, 0 errors  fixed.

Saved drawing C:/WorkSpace/Library/physical/padstack/pad8.pad.
